-------------------------------------------------------------------------------
Test set: guru.springframework.brewery.TsbbSfgBreweryApplicationTests
-------------------------------------------------------------------------------
Tests run: 1, Failures: 0, Errors: 1, Skipped: 0, Time elapsed: 7.545 s <<< FAILURE! - in guru.springframework.brewery.TsbbSfgBreweryApplicationTests
contextLoads  Time elapsed: 0 s  <<< ERROR!
java.lang.IllegalStateException: Failed to load ApplicationContext
Caused by: org.springframework.beans.factory.UnsatisfiedDependencyException: Error creating bean with name 'beerServiceImpl' defined in file [C:\JavaProjects\tsbb2b-sfg-brewery-TestLayer\target\classes\guru\springframework\brewery\services\BeerServiceImpl.class]: Unsatisfied dependency expressed through constructor parameter 1; nested exception is org.springframework.beans.factory.BeanCreationException: Error creating bean with name 'beerRepository': Invocation of init method failed; nested exception is java.lang.IllegalArgumentException: Failed to create query for method public abstract org.springframework.data.domain.Page guru.springframework.brewery.repository.BeerRepository.findAllByBeerNameAAndBeerStyle(java.lang.String,guru.springframework.brewery.web.model.BeerStyleEnum,org.springframework.data.domain.PageRequest)! No property a found for type String! Traversed path: Beer.beerName.
Caused by: org.springframework.beans.factory.BeanCreationException: Error creating bean with name 'beerRepository': Invocation of init method failed; nested exception is java.lang.IllegalArgumentException: Failed to create query for method public abstract org.springframework.data.domain.Page guru.springframework.brewery.repository.BeerRepository.findAllByBeerNameAAndBeerStyle(java.lang.String,guru.springframework.brewery.web.model.BeerStyleEnum,org.springframework.data.domain.PageRequest)! No property a found for type String! Traversed path: Beer.beerName.
Caused by: java.lang.IllegalArgumentException: Failed to create query for method public abstract org.springframework.data.domain.Page guru.springframework.brewery.repository.BeerRepository.findAllByBeerNameAAndBeerStyle(java.lang.String,guru.springframework.brewery.web.model.BeerStyleEnum,org.springframework.data.domain.PageRequest)! No property a found for type String! Traversed path: Beer.beerName.
Caused by: org.springframework.data.mapping.PropertyReferenceException: No property a found for type String! Traversed path: Beer.beerName.

