-------------------------------------------------------------------------------
Test set: guru.springframework.brewery.web.mappers.BeerMapperTest
-------------------------------------------------------------------------------
Tests run: 2, Failures: 0, Errors: 1, Skipped: 0, Time elapsed: 0 s <<< FAILURE! - in guru.springframework.brewery.web.mappers.BeerMapperTest
beerToBeerDto  Time elapsed: 0 s  <<< ERROR!
java.lang.NullPointerException
	at guru.springframework.brewery.web.mappers.BeerMapperTest.beerToBeerDto(BeerMapperTest.java:23)

