<?xml version="1.0" encoding="UTF-8"?>
<testsuite xmlns:xsi="http://www.w3.org/2001/XMLSchema-instance" xsi:noNamespaceSchemaLocation="https://maven.apache.org/surefire/maven-surefire-plugin/xsd/surefire-test-report.xsd" name="guru.springframework.brewery.services.BeerServiceCrudImplTest" time="4.736" tests="1" errors="1" skipped="0" failures="0">
  <properties>
[...]
</properties>
  <testcase name="testSaveBeer" classname="guru.springframework.brewery.services.BeerServiceCrudImplTest" time="0.06">
    <error type="java.lang.NullPointerException">java.lang.NullPointerException
	at guru.springframework.brewery.services.BeerServiceCrudImplTest.testSaveBeer(BeerServiceCrudImplTest.java:77)
</error>
    <system-out><![CDATA[09:00:01.247 [main] DEBUG org.springframework.test.context.BootstrapUtils - Instantiating CacheAwareContextLoaderDelegate from class [org.springframework.test.context.cache.DefaultCacheAwareContextLoaderDelegate]
09:00:01.251 [main] DEBUG org.springframework.test.context.BootstrapUtils - Instantiating BootstrapContext using constructor [public org.springframework.test.context.support.DefaultBootstrapContext(java.lang.Class,org.springframework.test.context.CacheAwareContextLoaderDelegate)]
09:00:01.267 [main] DEBUG org.springframework.test.context.BootstrapUtils - Instantiating TestContextBootstrapper for test class [guru.springframework.brewery.services.BeerServiceCrudImplTest] from class [org.springframework.boot.test.autoconfigure.orm.jpa.DataJpaTestContextBootstrapper]
09:00:01.283 [main] INFO org.springframework.boot.test.autoconfigure.orm.jpa.DataJpaTestContextBootstrapper - Neither @ContextConfiguration nor @ContextHierarchy found for test class [guru.springframework.brewery.services.BeerServiceCrudImplTest], using SpringBootContextLoader
09:00:01.287 [main] DEBUG org.springframework.test.context.support.AbstractContextLoader - Did not detect default resource location for test class [guru.springframework.brewery.services.BeerServiceCrudImplTest]: class path resource [guru/springframework/brewery/services/BeerServiceCrudImplTest-context.xml] does not exist
09:00:01.287 [main] DEBUG org.springframework.test.context.support.AbstractContextLoader - Did not detect default resource location for test class [guru.springframework.brewery.services.BeerServiceCrudImplTest]: class path resource [guru/springframework/brewery/services/BeerServiceCrudImplTestContext.groovy] does not exist
09:00:01.287 [main] INFO org.springframework.test.context.support.AbstractContextLoader - Could not detect default resource locations for test class [guru.springframework.brewery.services.BeerServiceCrudImplTest]: no resource found for suffixes {-context.xml, Context.groovy}.
09:00:01.287 [main] INFO org.springframework.test.context.support.AnnotationConfigContextLoaderUtils - Could not detect default configuration classes for test class [guru.springframework.brewery.services.BeerServiceCrudImplTest]: BeerServiceCrudImplTest does not declare any static, non-private, non-final, nested classes annotated with @Configuration.
09:00:01.379 [main] DEBUG org.springframework.test.context.support.ActiveProfilesUtils - Could not find an 'annotation declaring class' for annotation type [org.springframework.test.context.ActiveProfiles] and class [guru.springframework.brewery.services.BeerServiceCrudImplTest]
09:00:01.483 [main] DEBUG org.springframework.context.annotation.ClassPathScanningCandidateComponentProvider - Identified candidate component class: file [C:\JavaProjects\tsbb2b-sfg-brewery-TestLayer\target\classes\guru\springframework\brewery\TsbbSfgBreweryApplication.class]
09:00:01.483 [main] INFO org.springframework.boot.test.context.SpringBootTestContextBootstrapper - Found @SpringBootConfiguration guru.springframework.brewery.TsbbSfgBreweryApplication for test class guru.springframework.brewery.services.BeerServiceCrudImplTest
09:00:01.487 [main] DEBUG org.springframework.boot.test.autoconfigure.orm.jpa.DataJpaTestContextBootstrapper - @TestExecutionListeners is not present for class [guru.springframework.brewery.services.BeerServiceCrudImplTest]: using defaults.
09:00:01.487 [main] INFO org.springframework.boot.test.autoconfigure.orm.jpa.DataJpaTestContextBootstrapper - Loaded default TestExecutionListener class names from location [META-INF/spring.factories]: [org.springframework.boot.test.mock.mockito.MockitoTestExecutionListener, org.springframework.boot.test.mock.mockito.ResetMocksTestExecutionListener, org.springframework.boot.test.autoconfigure.restdocs.RestDocsTestExecutionListener, org.springframework.boot.test.autoconfigure.web.client.MockRestServiceServerResetTestExecutionListener, org.springframework.boot.test.autoconfigure.web.servlet.MockMvcPrintOnlyOnFailureTestExecutionListener, org.springframework.boot.test.autoconfigure.web.servlet.WebDriverTestExecutionListener, org.springframework.test.context.web.ServletTestExecutionListener, org.springframework.test.context.support.DirtiesContextBeforeModesTestExecutionListener, org.springframework.test.context.support.DependencyInjectionTestExecutionListener, org.springframework.test.context.support.DirtiesContextTestExecutionListener, org.springframework.test.context.transaction.TransactionalTestExecutionListener, org.springframework.test.context.jdbc.SqlScriptsTestExecutionListener]
09:00:01.507 [main] INFO org.springframework.boot.test.autoconfigure.orm.jpa.DataJpaTestContextBootstrapper - Using TestExecutionListeners: [org.springframework.test.context.web.ServletTestExecutionListener@1de0a46c, org.springframework.test.context.support.DirtiesContextBeforeModesTestExecutionListener@4d1f1ff5, org.springframework.boot.test.mock.mockito.MockitoTestExecutionListener@222afc67, org.springframework.boot.test.autoconfigure.SpringBootDependencyInjectionTestExecutionListener@4c2fb9dd, org.springframework.test.context.support.DirtiesContextTestExecutionListener@54f4a7f0, org.springframework.test.context.transaction.TransactionalTestExecutionListener@61a1ea2c, org.springframework.test.context.jdbc.SqlScriptsTestExecutionListener@149debbb, org.springframework.boot.test.mock.mockito.ResetMocksTestExecutionListener@25cd49a4, org.springframework.boot.test.autoconfigure.restdocs.RestDocsTestExecutionListener@5477a1ca, org.springframework.boot.test.autoconfigure.web.client.MockRestServiceServerResetTestExecutionListener@3ae9d1e2, org.springframework.boot.test.autoconfigure.web.servlet.MockMvcPrintOnlyOnFailureTestExecutionListener@41522537, org.springframework.boot.test.autoconfigure.web.servlet.WebDriverTestExecutionListener@e9dc4d0]
09:00:01.519 [main] DEBUG org.springframework.test.context.support.AbstractDirtiesContextTestExecutionListener - Before test class: context [DefaultTestContext@d8d9199 testClass = BeerServiceCrudImplTest, testInstance = [null], testMethod = [null], testException = [null], mergedContextConfiguration = [MergedContextConfiguration@3901f6af testClass = BeerServiceCrudImplTest, locations = '{}', classes = '{class guru.springframework.brewery.TsbbSfgBreweryApplication}', contextInitializerClasses = '[]', activeProfiles = '{}', propertySourceLocations = '{}', propertySourceProperties = '{org.springframework.boot.test.autoconfigure.orm.jpa.DataJpaTestContextBootstrapper=true}', contextCustomizers = set[[ImportsContextCustomizer@602ae7b6 key = [org.springframework.boot.autoconfigure.cache.CacheAutoConfiguration, org.springframework.boot.autoconfigure.data.jpa.JpaRepositoriesAutoConfiguration, org.springframework.boot.autoconfigure.flyway.FlywayAutoConfiguration, org.springframework.boot.autoconfigure.jdbc.DataSourceAutoConfiguration, org.springframework.boot.autoconfigure.jdbc.DataSourceTransactionManagerAutoConfiguration, org.springframework.boot.autoconfigure.jdbc.JdbcTemplateAutoConfiguration, org.springframework.boot.autoconfigure.liquibase.LiquibaseAutoConfiguration, org.springframework.boot.autoconfigure.orm.jpa.HibernateJpaAutoConfiguration, org.springframework.boot.autoconfigure.transaction.TransactionAutoConfiguration, org.springframework.boot.test.autoconfigure.jdbc.TestDatabaseAutoConfiguration, org.springframework.boot.test.autoconfigure.orm.jpa.TestEntityManagerAutoConfiguration]], org.springframework.boot.test.context.filter.ExcludeFilterContextCustomizer@4fad6218, org.springframework.boot.test.json.DuplicateJsonObjectContextCustomizerFactory$DuplicateJsonObjectContextCustomizer@1ac45389, org.springframework.boot.test.mock.mockito.MockitoContextCustomizer@0, org.springframework.boot.test.autoconfigure.OverrideAutoConfigurationContextCustomizerFactory$DisableAutoConfigurationContextCustomizer@eb507b9, org.springframework.boot.test.autoconfigure.filter.TypeExcludeFiltersContextCustomizer@351584c0, org.springframework.boot.test.autoconfigure.properties.PropertyMappingContextCustomizer@c7d1d02f, org.springframework.boot.test.autoconfigure.web.servlet.WebDriverContextCustomizerFactory$Customizer@7afb1741], contextLoader = 'org.springframework.boot.test.context.SpringBootContextLoader', parent = [null]], attributes = map[[empty]]], class annotated with @DirtiesContext [false] with mode [null].
09:00:01.651 [Finalizer] DEBUG org.apache.http.impl.conn.PoolingHttpClientConnectionManager - Connection manager is shutting down
09:00:01.651 [Finalizer] DEBUG org.apache.http.impl.conn.DefaultManagedHttpClientConnection - http-outgoing-0: Close connection
09:00:01.651 [Finalizer] DEBUG org.apache.http.impl.conn.PoolingHttpClientConnectionManager - Connection manager shut down
09:00:01.651 [Finalizer] DEBUG org.apache.http.impl.conn.PoolingHttpClientConnectionManager - Connection manager is shutting down
09:00:01.651 [Finalizer] DEBUG org.apache.http.impl.conn.PoolingHttpClientConnectionManager - Connection manager shut down
09:00:01.983 [main] DEBUG org.springframework.test.context.support.DependencyInjectionTestExecutionListener - Performing dependency injection for test context [[DefaultTestContext@d8d9199 testClass = BeerServiceCrudImplTest, testInstance = guru.springframework.brewery.services.BeerServiceCrudImplTest@1b9d9a2b, testMethod = [null], testException = [null], mergedContextConfiguration = [MergedContextConfiguration@3901f6af testClass = BeerServiceCrudImplTest, locations = '{}', classes = '{class guru.springframework.brewery.TsbbSfgBreweryApplication}', contextInitializerClasses = '[]', activeProfiles = '{}', propertySourceLocations = '{}', propertySourceProperties = '{org.springframework.boot.test.autoconfigure.orm.jpa.DataJpaTestContextBootstrapper=true}', contextCustomizers = set[[ImportsContextCustomizer@602ae7b6 key = [org.springframework.boot.autoconfigure.cache.CacheAutoConfiguration, org.springframework.boot.autoconfigure.data.jpa.JpaRepositoriesAutoConfiguration, org.springframework.boot.autoconfigure.flyway.FlywayAutoConfiguration, org.springframework.boot.autoconfigure.jdbc.DataSourceAutoConfiguration, org.springframework.boot.autoconfigure.jdbc.DataSourceTransactionManagerAutoConfiguration, org.springframework.boot.autoconfigure.jdbc.JdbcTemplateAutoConfiguration, org.springframework.boot.autoconfigure.liquibase.LiquibaseAutoConfiguration, org.springframework.boot.autoconfigure.orm.jpa.HibernateJpaAutoConfiguration, org.springframework.boot.autoconfigure.transaction.TransactionAutoConfiguration, org.springframework.boot.test.autoconfigure.jdbc.TestDatabaseAutoConfiguration, org.springframework.boot.test.autoconfigure.orm.jpa.TestEntityManagerAutoConfiguration]], org.springframework.boot.test.context.filter.ExcludeFilterContextCustomizer@4fad6218, org.springframework.boot.test.json.DuplicateJsonObjectContextCustomizerFactory$DuplicateJsonObjectContextCustomizer@1ac45389, org.springframework.boot.test.mock.mockito.MockitoContextCustomizer@0, org.springframework.boot.test.autoconfigure.OverrideAutoConfigurationContextCustomizerFactory$DisableAutoConfigurationContextCustomizer@eb507b9, org.springframework.boot.test.autoconfigure.filter.TypeExcludeFiltersContextCustomizer@351584c0, org.springframework.boot.test.autoconfigure.properties.PropertyMappingContextCustomizer@c7d1d02f, org.springframework.boot.test.autoconfigure.web.servlet.WebDriverContextCustomizerFactory$Customizer@7afb1741], contextLoader = 'org.springframework.boot.test.context.SpringBootContextLoader', parent = [null]], attributes = map[[empty]]]].
09:00:02.059 [main] DEBUG org.springframework.test.context.support.TestPropertySourceUtils - Adding inlined properties to environment: {spring.jmx.enabled=false, org.springframework.boot.test.autoconfigure.orm.jpa.DataJpaTestContextBootstrapper=true, server.port=-1}

  .   ____          _            __ _ _
 /\\ / ___'_ __ _ _(_)_ __  __ _ \ \ \ \
( ( )\___ | '_ | '_| | '_ \/ _` | \ \ \ \
 \\/  ___)| |_)| | | | | || (_| |  ) ) ) )
  '  |____| .__|_| |_|_| |_\__, | / / / /
 =========|_|==============|___/=/_/_/_/
 :: Spring Boot ::        (v2.1.3.RELEASE)

2021-09-25 09:00:02.263  INFO 7900 --- [           main] g.s.b.services.BeerServiceCrudImplTest   : Starting BeerServiceCrudImplTest on DESKTOP-91O242Q with PID 7900 (started by ogbc in C:\JavaProjects\tsbb2b-sfg-brewery-TestLayer)
2021-09-25 09:00:02.267  INFO 7900 --- [           main] g.s.b.services.BeerServiceCrudImplTest   : No active profile set, falling back to default profiles: default
2021-09-25 09:00:02.879  INFO 7900 --- [           main] .s.d.r.c.RepositoryConfigurationDelegate : Bootstrapping Spring Data repositories in DEFAULT mode.
2021-09-25 09:00:03.048  INFO 7900 --- [           main] .s.d.r.c.RepositoryConfigurationDelegate : Finished Spring Data repository scanning in 157ms. Found 7 repository interfaces.
2021-09-25 09:00:03.095  INFO 7900 --- [           main] beddedDataSourceBeanFactoryPostProcessor : Replacing 'dataSource' DataSource bean with embedded version
2021-09-25 09:00:03.349  INFO 7900 --- [           main] o.s.j.d.e.EmbeddedDatabaseFactory        : Starting embedded database: url='jdbc:h2:mem:3e733f96-6fe9-45c7-9cfb-b6ab2970544d;DB_CLOSE_DELAY=-1;DB_CLOSE_ON_EXIT=false', username='sa'
2021-09-25 09:00:03.882  INFO 7900 --- [           main] o.hibernate.jpa.internal.util.LogHelper  : HHH000204: Processing PersistenceUnitInfo [name: default]
2021-09-25 09:00:03.966  INFO 7900 --- [           main] org.hibernate.Version                    : HHH000412: Hibernate ORM core version 5.6.0.Beta2
2021-09-25 09:00:04.030  INFO 7900 --- [           main] o.hibernate.annotations.common.Version   : HCANN000001: Hibernate Commons Annotations {5.1.2.Final}
2021-09-25 09:00:04.288  INFO 7900 --- [           main] org.hibernate.dialect.Dialect            : HHH000400: Using dialect: org.hibernate.dialect.H2Dialect
Hibernate: drop table if exists beer CASCADE 
Hibernate: drop table if exists beer_inventory CASCADE 
Hibernate: drop table if exists beer_order CASCADE 
Hibernate: drop table if exists beer_order_line CASCADE 
Hibernate: drop table if exists brewery CASCADE 
Hibernate: drop table if exists credit_card CASCADE 
Hibernate: drop table if exists customer CASCADE 
Hibernate: create table beer (id varchar not null, created_date timestamp, last_modified_date timestamp, version bigint, beer_name varchar(255), beer_style integer, min_on_hand integer, price decimal(19,2), quantity_to_brew integer, upc bigint, primary key (id))
Hibernate: create table beer_inventory (id varchar not null, created_date timestamp, last_modified_date timestamp, version bigint, quantity_on_hand integer, beer_id varchar, primary key (id))
Hibernate: create table beer_order (id varchar not null, created_date timestamp, last_modified_date timestamp, version bigint, customer_ref varchar(255), order_status integer, order_status_callback_url varchar(255), customer_id varchar, primary key (id))
Hibernate: create table beer_order_line (id varchar not null, created_date timestamp, last_modified_date timestamp, version bigint, order_quantity integer, quantity_allocated integer, beer_id varchar, beer_order_id varchar, primary key (id))
Hibernate: create table brewery (id varchar not null, created_date timestamp, last_modified_date timestamp, version bigint, brewery_name varchar(255), primary key (id))
Hibernate: create table credit_card (id varchar not null, created_date timestamp, last_modified_date timestamp, version bigint, card_number integer, cvv integer, expiration_date date, primary_card boolean, primary key (id))
Hibernate: create table customer (id varchar not null, created_date timestamp, last_modified_date timestamp, version bigint, api_key varchar, customer_name varchar(255), primary key (id))
Hibernate: alter table beer add constraint UK_p9mb364xktkjqmprmg89u2etr unique (upc)
Hibernate: alter table beer_inventory add constraint FKrcn9po4vdekbhm8mpoj5f35d9 foreign key (beer_id) references beer
Hibernate: alter table beer_order add constraint FK5siih2e7vpx70nx4wexpxpji foreign key (customer_id) references customer
Hibernate: alter table beer_order_line add constraint FKslskqsf79v6iekvb6d3gcc1l4 foreign key (beer_id) references beer
Hibernate: alter table beer_order_line add constraint FKhkgofxhwx8yw9m3vat8mgtnxs foreign key (beer_order_id) references beer_order
2021-09-25 09:00:05.367  INFO 7900 --- [           main] o.h.e.t.j.p.i.JtaPlatformInitiator       : HHH000490: Using JtaPlatform implementation: [org.hibernate.engine.transaction.jta.platform.internal.NoJtaPlatform]
2021-09-25 09:00:05.379  INFO 7900 --- [           main] j.LocalContainerEntityManagerFactoryBean : Initialized JPA EntityManagerFactory for persistence unit 'default'
2021-09-25 09:00:06.095  INFO 7900 --- [           main] g.s.b.services.BeerServiceCrudImplTest   : Started BeerServiceCrudImplTest in 4.032 seconds (JVM running for 7.295)
2021-09-25 09:00:06.111  INFO 7900 --- [           main] o.s.t.c.transaction.TransactionContext   : Began transaction (1) for test context [DefaultTestContext@d8d9199 testClass = BeerServiceCrudImplTest, testInstance = guru.springframework.brewery.services.BeerServiceCrudImplTest@1b9d9a2b, testMethod = testSaveBeer@BeerServiceCrudImplTest, testException = [null], mergedContextConfiguration = [MergedContextConfiguration@3901f6af testClass = BeerServiceCrudImplTest, locations = '{}', classes = '{class guru.springframework.brewery.TsbbSfgBreweryApplication}', contextInitializerClasses = '[]', activeProfiles = '{}', propertySourceLocations = '{}', propertySourceProperties = '{org.springframework.boot.test.autoconfigure.orm.jpa.DataJpaTestContextBootstrapper=true}', contextCustomizers = set[[ImportsContextCustomizer@602ae7b6 key = [org.springframework.boot.autoconfigure.cache.CacheAutoConfiguration, org.springframework.boot.autoconfigure.data.jpa.JpaRepositoriesAutoConfiguration, org.springframework.boot.autoconfigure.flyway.FlywayAutoConfiguration, org.springframework.boot.autoconfigure.jdbc.DataSourceAutoConfiguration, org.springframework.boot.autoconfigure.jdbc.DataSourceTransactionManagerAutoConfiguration, org.springframework.boot.autoconfigure.jdbc.JdbcTemplateAutoConfiguration, org.springframework.boot.autoconfigure.liquibase.LiquibaseAutoConfiguration, org.springframework.boot.autoconfigure.orm.jpa.HibernateJpaAutoConfiguration, org.springframework.boot.autoconfigure.transaction.TransactionAutoConfiguration, org.springframework.boot.test.autoconfigure.jdbc.TestDatabaseAutoConfiguration, org.springframework.boot.test.autoconfigure.orm.jpa.TestEntityManagerAutoConfiguration]], org.springframework.boot.test.context.filter.ExcludeFilterContextCustomizer@4fad6218, org.springframework.boot.test.json.DuplicateJsonObjectContextCustomizerFactory$DuplicateJsonObjectContextCustomizer@1ac45389, org.springframework.boot.test.mock.mockito.MockitoContextCustomizer@0, org.springframework.boot.test.autoconfigure.OverrideAutoConfigurationContextCustomizerFactory$DisableAutoConfigurationContextCustomizer@eb507b9, org.springframework.boot.test.autoconfigure.filter.TypeExcludeFiltersContextCustomizer@351584c0, org.springframework.boot.test.autoconfigure.properties.PropertyMappingContextCustomizer@c7d1d02f, org.springframework.boot.test.autoconfigure.web.servlet.WebDriverContextCustomizerFactory$Customizer@7afb1741], contextLoader = 'org.springframework.boot.test.context.SpringBootContextLoader', parent = [null]], attributes = map[[empty]]]; transaction manager [org.springframework.orm.jpa.JpaTransactionManager@31f5ffb9]; rollback [true]
Loading Customer Data
java.util.ArrayList$Itr@5af1b221
2021-09-25 09:00:06.151  INFO 7900 --- [           main] o.s.t.c.transaction.TransactionContext   : Rolled back transaction for test: [DefaultTestContext@d8d9199 testClass = BeerServiceCrudImplTest, testInstance = guru.springframework.brewery.services.BeerServiceCrudImplTest@1b9d9a2b, testMethod = testSaveBeer@BeerServiceCrudImplTest, testException = java.lang.NullPointerException, mergedContextConfiguration = [MergedContextConfiguration@3901f6af testClass = BeerServiceCrudImplTest, locations = '{}', classes = '{class guru.springframework.brewery.TsbbSfgBreweryApplication}', contextInitializerClasses = '[]', activeProfiles = '{}', propertySourceLocations = '{}', propertySourceProperties = '{org.springframework.boot.test.autoconfigure.orm.jpa.DataJpaTestContextBootstrapper=true}', contextCustomizers = set[[ImportsContextCustomizer@602ae7b6 key = [org.springframework.boot.autoconfigure.cache.CacheAutoConfiguration, org.springframework.boot.autoconfigure.data.jpa.JpaRepositoriesAutoConfiguration, org.springframework.boot.autoconfigure.flyway.FlywayAutoConfiguration, org.springframework.boot.autoconfigure.jdbc.DataSourceAutoConfiguration, org.springframework.boot.autoconfigure.jdbc.DataSourceTransactionManagerAutoConfiguration, org.springframework.boot.autoconfigure.jdbc.JdbcTemplateAutoConfiguration, org.springframework.boot.autoconfigure.liquibase.LiquibaseAutoConfiguration, org.springframework.boot.autoconfigure.orm.jpa.HibernateJpaAutoConfiguration, org.springframework.boot.autoconfigure.transaction.TransactionAutoConfiguration, org.springframework.boot.test.autoconfigure.jdbc.TestDatabaseAutoConfiguration, org.springframework.boot.test.autoconfigure.orm.jpa.TestEntityManagerAutoConfiguration]], org.springframework.boot.test.context.filter.ExcludeFilterContextCustomizer@4fad6218, org.springframework.boot.test.json.DuplicateJsonObjectContextCustomizerFactory$DuplicateJsonObjectContextCustomizer@1ac45389, org.springframework.boot.test.mock.mockito.MockitoContextCustomizer@0, org.springframework.boot.test.autoconfigure.OverrideAutoConfigurationContextCustomizerFactory$DisableAutoConfigurationContextCustomizer@eb507b9, org.springframework.boot.test.autoconfigure.filter.TypeExcludeFiltersContextCustomizer@351584c0, org.springframework.boot.test.autoconfigure.properties.PropertyMappingContextCustomizer@c7d1d02f, org.springframework.boot.test.autoconfigure.web.servlet.WebDriverContextCustomizerFactory$Customizer@7afb1741], contextLoader = 'org.springframework.boot.test.context.SpringBootContextLoader', parent = [null]], attributes = map[[empty]]]
]]></system-out>
  </testcase>
</testsuite>